<?xml version="1.0" encoding="UTF-8"?>
<testsuite name="RemoteControlCarTest" tests="3" skipped="0" failures="0" errors="0" timestamp="2023-01-28T16:10:48" hostname="LITWNB-ASUS-X57" time="0.053">
  <properties/>
  <testcase name="race" classname="RemoteControlCarTest" time="0.048"/>
  <testcase name="rankCars" classname="RemoteControlCarTest" time="0.002"/>
  <testcase name="ensureCarsAreComparables" classname="RemoteControlCarTest" time="0.003"/>
  <system-out><![CDATA[]]></system-out>
  <system-err><![CDATA[]]></system-err>
</testsuite>
