<?xml version="1.0" encoding="UTF-8"?>
<testsuite name="BankAccountTest" tests="14" skipped="0" failures="0" errors="0" timestamp="2023-02-09T20:15:18" hostname="LITWNB-ASUS-X57" time="1.178">
  <properties/>
  <testcase name="canDepositMoneySequentially" classname="BankAccountTest" time="0.045"/>
  <testcase name="cannotGetBalanceOfClosedAccount" classname="BankAccountTest" time="0.004"/>
  <testcase name="cannotDepositNegativeAmount" classname="BankAccountTest" time="0.0"/>
  <testcase name="cannotWithdrawNegativeAmount" classname="BankAccountTest" time="0.001"/>
  <testcase name="cannotWithdrawMoreMoneyThanYouHave" classname="BankAccountTest" time="0.001"/>
  <testcase name="canDepositMoney" classname="BankAccountTest" time="0.0"/>
  <testcase name="bankAccountIsClosedBeforeItIsOpened" classname="BankAccountTest" time="0.001"/>
  <testcase name="newlyOpenedAccountHasEmptyBalance" classname="BankAccountTest" time="0.0"/>
  <testcase name="cannotWithdrawMoneyFromEmptyAccount" classname="BankAccountTest" time="0.001"/>
  <testcase name="canAdjustBalanceConcurrently" classname="BankAccountTest" time="1.121"/>
  <testcase name="cannotWithdrawMoneyFromClosedAccount" classname="BankAccountTest" time="0.001"/>
  <testcase name="canWithdrawMoney" classname="BankAccountTest" time="0.0"/>
  <testcase name="cannotDepositMoneyIntoClosedAccount" classname="BankAccountTest" time="0.0"/>
  <testcase name="canWithdrawMoneySequentially" classname="BankAccountTest" time="0.0"/>
  <system-out><![CDATA[]]></system-out>
  <system-err><![CDATA[]]></system-err>
</testsuite>
